  compilation object save succeeded; see C:\Users\kangzingu\Desktop\강진구\VisualStudioProjects\DirectX11 Tutorial\x64\Release\pixelshader.cso
  compilation object save succeeded; see C:\Users\kangzingu\Desktop\강진구\VisualStudioProjects\DirectX11 Tutorial\x64\Release\vertexshader.cso
  AdapterReader.cpp
  Engine.cpp
  ErrorLogger.cpp
  Renderer.cpp
C:\Users\kangzingu\Desktop\강진구\VisualStudioProjects\DirectX11 Tutorial\DirectX11 Tutorial\Graphics\Renderer.cpp(138,19): warning C4244: '=': 'int'에서 'FLOAT'(으)로 변환하면서 데이터가 손실될 수 있습니다.
C:\Users\kangzingu\Desktop\강진구\VisualStudioProjects\DirectX11 Tutorial\DirectX11 Tutorial\Graphics\Renderer.cpp(139,20): warning C4244: '=': 'int'에서 'FLOAT'(으)로 변환하면서 데이터가 손실될 수 있습니다.
  Keyboard.cpp
  KeyboardEvent.cpp
  Mouse.cpp
  MouseEvent.cpp
  Window.cpp
  Shaders.cpp
  StringHelper.cpp
  WindowContainer.cpp
  소스.cpp
  코드를 생성하고 있습니다.
  Compiler switch has changed, fall back to full compilation.
  All 604 functions were compiled because no usable IPDB/IOBJ from previous compilation was found.
  코드를 생성했습니다.
  DirectX11 Tutorial.vcxproj -> C:\Users\kangzingu\Desktop\강진구\VisualStudioProjects\DirectX11 Tutorial\x64\Release\DirectX11 Tutorial.exe
