c:\users\kangzingu\desktop\강진구\visualstudioprojects\directx11 tutorial\directx11 tutorial\x64\debug\vc142.pdb
c:\users\kangzingu\desktop\강진구\visualstudioprojects\directx11 tutorial\directx11 tutorial\x64\debug\vc142.idb
c:\users\kangzingu\desktop\강진구\visualstudioprojects\directx11 tutorial\directx11 tutorial\x64\debug\소스.obj
c:\users\kangzingu\desktop\강진구\visualstudioprojects\directx11 tutorial\directx11 tutorial\x64\debug\windowcontainer.obj
c:\users\kangzingu\desktop\강진구\visualstudioprojects\directx11 tutorial\directx11 tutorial\x64\debug\shaders.obj
c:\users\kangzingu\desktop\강진구\visualstudioprojects\directx11 tutorial\directx11 tutorial\x64\debug\renderwindow.obj
c:\users\kangzingu\desktop\강진구\visualstudioprojects\directx11 tutorial\directx11 tutorial\x64\debug\mouseevent.obj
c:\users\kangzingu\desktop\강진구\visualstudioprojects\directx11 tutorial\directx11 tutorial\x64\debug\mouseclass.obj
c:\users\kangzingu\desktop\강진구\visualstudioprojects\directx11 tutorial\directx11 tutorial\x64\debug\keyboardevent.obj
c:\users\kangzingu\desktop\강진구\visualstudioprojects\directx11 tutorial\directx11 tutorial\x64\debug\keyboardclass.obj
c:\users\kangzingu\desktop\강진구\visualstudioprojects\directx11 tutorial\directx11 tutorial\x64\debug\graphics.obj
c:\users\kangzingu\desktop\강진구\visualstudioprojects\directx11 tutorial\directx11 tutorial\x64\debug\errorlogger.obj
c:\users\kangzingu\desktop\강진구\visualstudioprojects\directx11 tutorial\directx11 tutorial\x64\debug\engine.obj
c:\users\kangzingu\desktop\강진구\visualstudioprojects\directx11 tutorial\directx11 tutorial\x64\debug\adapterreader.obj
c:\users\kangzingu\desktop\강진구\visualstudioprojects\directx11 tutorial\directx11 tutorial\x64\debug\camera.obj
c:\users\kangzingu\desktop\강진구\visualstudioprojects\directx11 tutorial\directx11 tutorial\x64\debug\timer.obj
c:\users\kangzingu\desktop\강진구\visualstudioprojects\directx11 tutorial\directx11 tutorial\x64\debug\imgui_widgets.obj
c:\users\kangzingu\desktop\강진구\visualstudioprojects\directx11 tutorial\directx11 tutorial\x64\debug\imgui_tables.obj
c:\users\kangzingu\desktop\강진구\visualstudioprojects\directx11 tutorial\directx11 tutorial\x64\debug\imgui_impl_win32.obj
c:\users\kangzingu\desktop\강진구\visualstudioprojects\directx11 tutorial\directx11 tutorial\x64\debug\imgui_impl_dx11.obj
c:\users\kangzingu\desktop\강진구\visualstudioprojects\directx11 tutorial\directx11 tutorial\x64\debug\imgui_draw.obj
c:\users\kangzingu\desktop\강진구\visualstudioprojects\directx11 tutorial\directx11 tutorial\x64\debug\imgui.obj
c:\users\kangzingu\desktop\강진구\visualstudioprojects\directx11 tutorial\directx11 tutorial\x64\debug\model.obj
c:\users\kangzingu\desktop\강진구\visualstudioprojects\directx11 tutorial\directx11 tutorial\x64\debug\mesh.obj
c:\users\kangzingu\desktop\강진구\visualstudioprojects\directx11 tutorial\directx11 tutorial\x64\debug\texture.obj
c:\users\kangzingu\desktop\강진구\visualstudioprojects\directx11 tutorial\directx11 tutorial\x64\debug\gameobject.obj
c:\users\kangzingu\desktop\강진구\visualstudioprojects\directx11 tutorial\directx11 tutorial\x64\debug\color.obj
c:\users\kangzingu\desktop\강진구\visualstudioprojects\directx11 tutorial\directx11 tutorial\x64\debug\stringhelper.obj
c:\users\kangzingu\desktop\강진구\visualstudioprojects\directx11 tutorial\x64\debug\vertexshader.cso
c:\users\kangzingu\desktop\강진구\visualstudioprojects\directx11 tutorial\x64\debug\pixelshader.cso
c:\users\kangzingu\desktop\강진구\visualstudioprojects\directx11 tutorial\x64\debug\directx11 tutorial.exe
c:\users\kangzingu\desktop\강진구\visualstudioprojects\directx11 tutorial\x64\debug\directx11 tutorial.ilk
c:\users\kangzingu\desktop\강진구\visualstudioprojects\directx11 tutorial\x64\debug\directx11 tutorial.pdb
c:\users\kangzingu\desktop\강진구\visualstudioprojects\directx11 tutorial\directx11 tutorial\x64\debug\stringconverter.obj
c:\users\kangzingu\desktop\강진구\visualstudioprojects\directx11 tutorial\directx11 tutorial\x64\debug\directx1.8a28f22e.tlog\cl.command.1.tlog
c:\users\kangzingu\desktop\강진구\visualstudioprojects\directx11 tutorial\directx11 tutorial\x64\debug\directx1.8a28f22e.tlog\cl.read.1.tlog
c:\users\kangzingu\desktop\강진구\visualstudioprojects\directx11 tutorial\directx11 tutorial\x64\debug\directx1.8a28f22e.tlog\cl.write.1.tlog
c:\users\kangzingu\desktop\강진구\visualstudioprojects\directx11 tutorial\directx11 tutorial\x64\debug\directx1.8a28f22e.tlog\fxc.command.1.tlog
c:\users\kangzingu\desktop\강진구\visualstudioprojects\directx11 tutorial\directx11 tutorial\x64\debug\directx1.8a28f22e.tlog\fxc.read.1.tlog
c:\users\kangzingu\desktop\강진구\visualstudioprojects\directx11 tutorial\directx11 tutorial\x64\debug\directx1.8a28f22e.tlog\fxc.write.1.tlog
c:\users\kangzingu\desktop\강진구\visualstudioprojects\directx11 tutorial\directx11 tutorial\x64\debug\directx1.8a28f22e.tlog\link.command.1.tlog
c:\users\kangzingu\desktop\강진구\visualstudioprojects\directx11 tutorial\directx11 tutorial\x64\debug\directx1.8a28f22e.tlog\link.read.1.tlog
c:\users\kangzingu\desktop\강진구\visualstudioprojects\directx11 tutorial\directx11 tutorial\x64\debug\directx1.8a28f22e.tlog\link.write.1.tlog
