  Collision.cpp
  Contact.cpp
  Collider.cpp
  ForceGenerator.cpp
  Object.cpp
  Camera.cpp
  Engine.cpp
  main.cpp
  Transform.cpp
  Rigidbody.cpp
  Model.cpp
  Mesh.cpp
  Light.cpp
  Actor.cpp
C:\Users\kangzingu\Desktop\강진구\VisualStudioProjects\Simple-Physics-Engine\DirectX11 Tutorial\Graphics\Mesh.cpp(6,72): warning C4267: '인수': 'size_t'에서 'UINT'(으)로 변환하면서 데이터가 손실될 수 있습니다.
C:\Users\kangzingu\Desktop\강진구\VisualStudioProjects\Simple-Physics-Engine\DirectX11 Tutorial\Graphics\Mesh.cpp(7,69): warning C4267: '인수': 'size_t'에서 'UINT'(으)로 변환하면서 데이터가 손실될 수 있습니다.
C:\Users\kangzingu\Desktop\강진구\VisualStudioProjects\Simple-Physics-Engine\DirectX11 Tutorial\Graphics\Model.cpp(152,104): warning C4244: '인수': 'ai_real'에서 'BYTE'(으)로 변환하면서 데이터가 손실될 수 있습니다.
C:\Users\kangzingu\Desktop\강진구\VisualStudioProjects\Simple-Physics-Engine\DirectX11 Tutorial\Graphics\Model.cpp(152,87): warning C4244: '인수': 'ai_real'에서 'BYTE'(으)로 변환하면서 데이터가 손실될 수 있습니다.
C:\Users\kangzingu\Desktop\강진구\VisualStudioProjects\Simple-Physics-Engine\DirectX11 Tutorial\Graphics\Model.cpp(152,70): warning C4244: '인수': 'ai_real'에서 'BYTE'(으)로 변환하면서 데이터가 손실될 수 있습니다.
C:\Users\kangzingu\Desktop\강진구\VisualStudioProjects\Simple-Physics-Engine\DirectX11 Tutorial\Engine.cpp(185,80): warning C4305: '인수': 'double'에서 'float'(으)로 잘립니다.
C:\Users\kangzingu\Desktop\강진구\VisualStudioProjects\Simple-Physics-Engine\DirectX11 Tutorial\Engine.cpp(215,49): warning C4244: '=': 'double'에서 'float'(으)로 변환하면서 데이터가 손실될 수 있습니다.
C:\Users\kangzingu\Desktop\강진구\VisualStudioProjects\Simple-Physics-Engine\DirectX11 Tutorial\main.cpp(5,1): warning C4297: 'wWinMain': 함수는 예외를 Throw하지 않도록 지정되었으나 예외를 Throw했습니다.
C:\Users\kangzingu\Desktop\강진구\VisualStudioProjects\Simple-Physics-Engine\DirectX11 Tutorial\main.cpp(5,1): message : 함수에서 __declspec(nothrow), throw(), noexcept(true) 또는 noexcept를 지정했습니다.
C:\Users\kangzingu\Desktop\강진구\VisualStudioProjects\Simple-Physics-Engine\DirectX11 Tutorial\Engine.cpp(351,94): warning C4305: '인수': 'double'에서 'float'(으)로 잘립니다.
C:\Users\kangzingu\Desktop\강진구\VisualStudioProjects\Simple-Physics-Engine\DirectX11 Tutorial\Engine.cpp(354,95): warning C4305: '인수': 'double'에서 'float'(으)로 잘립니다.
C:\Users\kangzingu\Desktop\강진구\VisualStudioProjects\Simple-Physics-Engine\DirectX11 Tutorial\Engine.cpp(360,93): warning C4305: '인수': 'double'에서 'float'(으)로 잘립니다.
C:\Users\kangzingu\Desktop\강진구\VisualStudioProjects\Simple-Physics-Engine\DirectX11 Tutorial\Engine.cpp(363,93): warning C4305: '인수': 'double'에서 'float'(으)로 잘립니다.
C:\Users\kangzingu\Desktop\강진구\VisualStudioProjects\Simple-Physics-Engine\DirectX11 Tutorial\Engine.cpp(369,93): warning C4305: '인수': 'double'에서 'float'(으)로 잘립니다.
C:\Users\kangzingu\Desktop\강진구\VisualStudioProjects\Simple-Physics-Engine\DirectX11 Tutorial\Engine.cpp(372,93): warning C4305: '인수': 'double'에서 'float'(으)로 잘립니다.
C:\Users\kangzingu\Desktop\강진구\VisualStudioProjects\Simple-Physics-Engine\DirectX11 Tutorial\Engine.cpp(380,95): warning C4305: '인수': 'double'에서 'float'(으)로 잘립니다.
C:\Users\kangzingu\Desktop\강진구\VisualStudioProjects\Simple-Physics-Engine\DirectX11 Tutorial\Engine.cpp(383,96): warning C4305: '인수': 'double'에서 'float'(으)로 잘립니다.
C:\Users\kangzingu\Desktop\강진구\VisualStudioProjects\Simple-Physics-Engine\DirectX11 Tutorial\Engine.cpp(389,94): warning C4305: '인수': 'double'에서 'float'(으)로 잘립니다.
C:\Users\kangzingu\Desktop\강진구\VisualStudioProjects\Simple-Physics-Engine\DirectX11 Tutorial\Engine.cpp(392,95): warning C4305: '인수': 'double'에서 'float'(으)로 잘립니다.
C:\Users\kangzingu\Desktop\강진구\VisualStudioProjects\Simple-Physics-Engine\DirectX11 Tutorial\Engine.cpp(398,94): warning C4305: '인수': 'double'에서 'float'(으)로 잘립니다.
C:\Users\kangzingu\Desktop\강진구\VisualStudioProjects\Simple-Physics-Engine\DirectX11 Tutorial\Engine.cpp(401,95): warning C4305: '인수': 'double'에서 'float'(으)로 잘립니다.
  DirectX11 Tutorial.vcxproj -> C:\Users\kangzingu\Desktop\강진구\VisualStudioProjects\Simple-Physics-Engine\x64\Debug\DirectX11 Tutorial.exe
