C:\Program Files (x86)\Microsoft Visual Studio\2019\Community\MSBuild\Microsoft\VC\v160\Microsoft.CppBuild.targets(513,5): warning MSB8028: 중간 디렉터리(x64\Debug\)에 다른 프로젝트(DirectX11 Tutorial.vcxproj)에서 공유하는 파일이 포함되어 있습니다.  이로 인해 잘못된 정리 및 다시 빌드 동작이 수행될 수 있습니다.
  Engine.cpp
  Collision.cpp
  Contact.cpp
  PhysicsManager.cpp
  main.cpp
D:\GitHubRepository\Simple-Physics-Engine\Simple-Physics-Engine\Utils\SimpleMath.h(10,25): warning C4091: 'typedef ': 변수를 선언하지 않으면 'Matrix4x4' 왼쪽은 무시됩니다. (소스 파일 컴파일 중 Physics\Contact.cpp)
D:\GitHubRepository\Simple-Physics-Engine\Simple-Physics-Engine\Utils\SimpleMath.h(10,25): warning C4091: 'typedef ': 변수를 선언하지 않으면 'Matrix4x4' 왼쪽은 무시됩니다. (소스 파일 컴파일 중 Physics\Collision.cpp)
D:\GitHubRepository\Simple-Physics-Engine\Simple-Physics-Engine\Utils\SimpleMath.h(10,25): warning C4091: 'typedef ': 변수를 선언하지 않으면 'Matrix4x4' 왼쪽은 무시됩니다. (소스 파일 컴파일 중 Physics\PhysicsManager.cpp)
D:\GitHubRepository\Simple-Physics-Engine\Simple-Physics-Engine\Physics\Contact.cpp(62,14): warning C4244: '초기화 중': 'int'에서 'float'(으)로 변환하면서 데이터가 손실될 수 있습니다.
D:\GitHubRepository\Simple-Physics-Engine\Simple-Physics-Engine\Physics\Contact.cpp(77,14): warning C4244: '초기화 중': 'int'에서 'float'(으)로 변환하면서 데이터가 손실될 수 있습니다.
D:\GitHubRepository\Simple-Physics-Engine\Simple-Physics-Engine\Physics\Contact.cpp(179,14): warning C4244: '초기화 중': 'int'에서 'float'(으)로 변환하면서 데이터가 손실될 수 있습니다.
D:\GitHubRepository\Simple-Physics-Engine\Simple-Physics-Engine\Physics\PhysicsManager.cpp(64,20): warning C4305: '초기화 중': 'double'에서 'float'(으)로 잘립니다.
D:\GitHubRepository\Simple-Physics-Engine\Simple-Physics-Engine\Physics\PhysicsManager.cpp(67,44): warning C4267: '초기화 중': 'size_t'에서 'int'(으)로 변환하면서 데이터가 손실될 수 있습니다.
D:\GitHubRepository\Simple-Physics-Engine\Simple-Physics-Engine\Physics\PhysicsManager.cpp(71,28): warning C4267: '=': 'size_t'에서 'int'(으)로 변환하면서 데이터가 손실될 수 있습니다.
D:\GitHubRepository\Simple-Physics-Engine\Simple-Physics-Engine\Physics\Contact.cpp(216,14): warning C4244: '초기화 중': 'int'에서 'float'(으)로 변환하면서 데이터가 손실될 수 있습니다.
D:\GitHubRepository\Simple-Physics-Engine\Simple-Physics-Engine\Physics\PhysicsManager.cpp(113,44): warning C4267: '초기화 중': 'size_t'에서 'int'(으)로 변환하면서 데이터가 손실될 수 있습니다.
D:\GitHubRepository\Simple-Physics-Engine\Simple-Physics-Engine\Physics\PhysicsManager.cpp(117,28): warning C4267: '=': 'size_t'에서 'int'(으)로 변환하면서 데이터가 손실될 수 있습니다.
D:\GitHubRepository\Simple-Physics-Engine\Simple-Physics-Engine\Physics\PhysicsManager.cpp(142,104): warning C4244: '인수': 'int'에서 'float'(으)로 변환하면서 데이터가 손실될 수 있습니다.
D:\GitHubRepository\Simple-Physics-Engine\Simple-Physics-Engine\Physics\Collision.cpp(393,8): warning C4101: 'len' :참조되지 않은 지역 변수입니다.
D:\GitHubRepository\Simple-Physics-Engine\Simple-Physics-Engine\Utils\SimpleMath.h(10,25): warning C4091: 'typedef ': 변수를 선언하지 않으면 'Matrix4x4' 왼쪽은 무시됩니다. (소스 파일 컴파일 중 Engine.cpp)
D:\GitHubRepository\Simple-Physics-Engine\Simple-Physics-Engine\Utils\SimpleMath.h(10,25): warning C4091: 'typedef ': 변수를 선언하지 않으면 'Matrix4x4' 왼쪽은 무시됩니다. (소스 파일 컴파일 중 main.cpp)
D:\GitHubRepository\Simple-Physics-Engine\Simple-Physics-Engine\Engine.cpp(44,2): warning C4804: '>': 연산에 'bool' 형식을 사용하는 것은 안전하지 않습니다.
D:\GitHubRepository\Simple-Physics-Engine\Simple-Physics-Engine\Engine.cpp(190,58): warning C4244: '인수': 'double'에서 'float'(으)로 변환하면서 데이터가 손실될 수 있습니다.
D:\GitHubRepository\Simple-Physics-Engine\Simple-Physics-Engine\Engine.cpp(238,54): warning C4244: '=': 'double'에서 'float'(으)로 변환하면서 데이터가 손실될 수 있습니다.
D:\GitHubRepository\Simple-Physics-Engine\Simple-Physics-Engine\Engine.cpp(605,132): warning C4244: '인수': 'int'에서 'float'(으)로 변환하면서 데이터가 손실될 수 있습니다.
D:\GitHubRepository\Simple-Physics-Engine\Simple-Physics-Engine\Engine.cpp(608,139): warning C4244: '인수': 'int'에서 'float'(으)로 변환하면서 데이터가 손실될 수 있습니다.
D:\GitHubRepository\Simple-Physics-Engine\Simple-Physics-Engine\main.cpp(5,1): warning C4297: 'wWinMain': 함수는 예외를 Throw하지 않도록 지정되었으나 예외를 Throw했습니다.
D:\GitHubRepository\Simple-Physics-Engine\Simple-Physics-Engine\main.cpp(5,1): message : 함수에서 __declspec(nothrow), throw(), noexcept(true) 또는 noexcept를 지정했습니다.
  Simple-Physics-Engine.vcxproj -> D:\GitHubRepository\Simple-Physics-Engine\x64\Debug\Simple-Physics-Engine.exe
